[INFO] Scanning for projects...
[INFO]                                                                         
[INFO] ------------------------------------------------------------------------
[INFO] Building kafka-connect-jdbc 3.1.2
[INFO] ------------------------------------------------------------------------
[INFO] 
[INFO] --- maven-checkstyle-plugin:2.17:check (validate) @ kafka-connect-jdbc ---
[INFO] Starting audit...
Audit done.
[INFO] 
[INFO] --- maven-resources-plugin:2.6:resources (default-resources) @ kafka-connect-jdbc ---
[INFO] Using 'UTF-8' encoding to copy filtered resources.
[INFO] Copying 1 resource
[INFO] 
[INFO] --- maven-compiler-plugin:2.5.1:compile (default-compile) @ kafka-connect-jdbc ---
[INFO] Nothing to compile - all classes are up to date
[INFO] 
[INFO] --- maven-resources-plugin:2.6:testResources (default-testResources) @ kafka-connect-jdbc ---
[INFO] Using 'UTF-8' encoding to copy filtered resources.
[INFO] Copying 1 resource
[INFO] 
[INFO] --- maven-compiler-plugin:2.5.1:testCompile (default-testCompile) @ kafka-connect-jdbc ---
[INFO] Nothing to compile - all classes are up to date
[INFO] 
[INFO] --- maven-surefire-plugin:2.18.1:test (default-test) @ kafka-connect-jdbc ---
[INFO] Surefire report directory: /Users/mbarak/projects/github/kafka-connect-jdbc/target/surefire-reports

-------------------------------------------------------
 T E S T S
-------------------------------------------------------
Running io.confluent.connect.jdbc.JdbcSourceConnectorTest
Tests run: 10, Failures: 2, Errors: 0, Skipped: 0, Time elapsed: 7.671 sec <<< FAILURE! - in io.confluent.connect.jdbc.JdbcSourceConnectorTest
testPartitioningOneTable(io.confluent.connect.jdbc.JdbcSourceConnectorTest)  Time elapsed: 1.08 sec  <<< FAILURE!
org.junit.ComparisonFailure: expected:<[test]> but was:<[io.confluent.connect.jdbc.source.TableWithSchema@1f24e42e]>
	at org.junit.Assert.assertEquals(Assert.java:115)
	at org.junit.Assert.assertEquals(Assert.java:144)
	at io.confluent.connect.jdbc.JdbcSourceConnectorTest.testPartitioningOneTable(JdbcSourceConnectorTest.java:129)

testPartitioningManyTables(io.confluent.connect.jdbc.JdbcSourceConnectorTest)  Time elapsed: 0.51 sec  <<< FAILURE!
org.junit.ComparisonFailure: expected:<[test1,test2]> but was:<[io.confluent.connect.jdbc.source.TableWithSchema@3d884d00,io.confluent.connect.jdbc.source.TableWithSchema@5f360989]>
	at org.junit.Assert.assertEquals(Assert.java:115)
	at org.junit.Assert.assertEquals(Assert.java:144)
	at io.confluent.connect.jdbc.JdbcSourceConnectorTest.testPartitioningManyTables(JdbcSourceConnectorTest.java:146)

Running io.confluent.connect.jdbc.sink.BufferedRecordsTest
Tests run: 1, Failures: 0, Errors: 0, Skipped: 0, Time elapsed: 0.212 sec - in io.confluent.connect.jdbc.sink.BufferedRecordsTest
Running io.confluent.connect.jdbc.sink.DbMetadataQueriesTest
Tests run: 4, Failures: 0, Errors: 0, Skipped: 0, Time elapsed: 0.054 sec - in io.confluent.connect.jdbc.sink.DbMetadataQueriesTest
Running io.confluent.connect.jdbc.sink.dialect.DbDialectTest
Tests run: 11, Failures: 0, Errors: 0, Skipped: 0, Time elapsed: 0.047 sec - in io.confluent.connect.jdbc.sink.dialect.DbDialectTest
Running io.confluent.connect.jdbc.sink.dialect.HanaDialectTest
Tests run: 7, Failures: 0, Errors: 0, Skipped: 0, Time elapsed: 0.021 sec - in io.confluent.connect.jdbc.sink.dialect.HanaDialectTest
Running io.confluent.connect.jdbc.sink.dialect.MySqlDialectTest
Tests run: 8, Failures: 0, Errors: 0, Skipped: 0, Time elapsed: 0.032 sec - in io.confluent.connect.jdbc.sink.dialect.MySqlDialectTest
Running io.confluent.connect.jdbc.sink.dialect.OracleDialectTest
Tests run: 7, Failures: 0, Errors: 0, Skipped: 0, Time elapsed: 0.03 sec - in io.confluent.connect.jdbc.sink.dialect.OracleDialectTest
Running io.confluent.connect.jdbc.sink.dialect.PostgreSqlDialectTest
Tests run: 7, Failures: 0, Errors: 0, Skipped: 0, Time elapsed: 0.022 sec - in io.confluent.connect.jdbc.sink.dialect.PostgreSqlDialectTest
Running io.confluent.connect.jdbc.sink.dialect.SqliteDialectTest
Tests run: 7, Failures: 0, Errors: 0, Skipped: 0, Time elapsed: 0.007 sec - in io.confluent.connect.jdbc.sink.dialect.SqliteDialectTest
Running io.confluent.connect.jdbc.sink.dialect.SqlServerDialectTest
Tests run: 8, Failures: 0, Errors: 0, Skipped: 0, Time elapsed: 0.015 sec - in io.confluent.connect.jdbc.sink.dialect.SqlServerDialectTest
Running io.confluent.connect.jdbc.sink.JdbcDbWriterTest
Tests run: 8, Failures: 0, Errors: 0, Skipped: 0, Time elapsed: 0.294 sec - in io.confluent.connect.jdbc.sink.JdbcDbWriterTest
Running io.confluent.connect.jdbc.sink.JdbcSinkTaskTest
Tests run: 3, Failures: 0, Errors: 0, Skipped: 0, Time elapsed: 0.337 sec - in io.confluent.connect.jdbc.sink.JdbcSinkTaskTest
Running io.confluent.connect.jdbc.sink.metadata.FieldsMetadataTest
Tests run: 15, Failures: 0, Errors: 0, Skipped: 0, Time elapsed: 0.002 sec - in io.confluent.connect.jdbc.sink.metadata.FieldsMetadataTest
Running io.confluent.connect.jdbc.sink.PreparedStatementBinderTest
Tests run: 6, Failures: 0, Errors: 0, Skipped: 0, Time elapsed: 0.185 sec - in io.confluent.connect.jdbc.sink.PreparedStatementBinderTest
Running io.confluent.connect.jdbc.sink.SqliteHelperTest
Tests run: 1, Failures: 0, Errors: 0, Skipped: 0, Time elapsed: 0.017 sec - in io.confluent.connect.jdbc.sink.SqliteHelperTest
Running io.confluent.connect.jdbc.source.JdbcSourceTaskConversionTest
Tests run: 30, Failures: 0, Errors: 0, Skipped: 0, Time elapsed: 12.229 sec - in io.confluent.connect.jdbc.source.JdbcSourceTaskConversionTest
Running io.confluent.connect.jdbc.source.JdbcSourceTaskLifecycleTest
Tests run: 7, Failures: 0, Errors: 0, Skipped: 0, Time elapsed: 7.406 sec - in io.confluent.connect.jdbc.source.JdbcSourceTaskLifecycleTest
Running io.confluent.connect.jdbc.source.JdbcSourceTaskUpdateTest
Tests run: 14, Failures: 0, Errors: 0, Skipped: 0, Time elapsed: 8.816 sec - in io.confluent.connect.jdbc.source.JdbcSourceTaskUpdateTest
Running io.confluent.connect.jdbc.source.JdbcUtilsTest
Tests run: 6, Failures: 3, Errors: 0, Skipped: 0, Time elapsed: 3.154 sec <<< FAILURE! - in io.confluent.connect.jdbc.source.JdbcUtilsTest
testGetTablesSingle(io.confluent.connect.jdbc.source.JdbcUtilsTest)  Time elapsed: 0.249 sec  <<< FAILURE!
java.lang.AssertionError: expected:<[test]> but was:<[io.confluent.connect.jdbc.source.TableWithSchema@14a7e16e]>
	at org.junit.Assert.fail(Assert.java:88)
	at org.junit.Assert.failNotEquals(Assert.java:834)
	at org.junit.Assert.assertEquals(Assert.java:118)
	at org.junit.Assert.assertEquals(Assert.java:144)
	at io.confluent.connect.jdbc.source.JdbcUtilsTest.testGetTablesSingle(JdbcUtilsTest.java:57)

testGetTablesMany(io.confluent.connect.jdbc.source.JdbcUtilsTest)  Time elapsed: 0.879 sec  <<< FAILURE!
java.lang.AssertionError: expected:<[test, foo, zab]> but was:<[io.confluent.connect.jdbc.source.TableWithSchema@ee3a026, io.confluent.connect.jdbc.source.TableWithSchema@bd62a6e, io.confluent.connect.jdbc.source.TableWithSchema@6fd458ec]>
	at org.junit.Assert.fail(Assert.java:88)
	at org.junit.Assert.failNotEquals(Assert.java:834)
	at org.junit.Assert.assertEquals(Assert.java:118)
	at org.junit.Assert.assertEquals(Assert.java:144)
	at io.confluent.connect.jdbc.source.JdbcUtilsTest.testGetTablesMany(JdbcUtilsTest.java:65)

testGetTablesNarrowedToSchemas(io.confluent.connect.jdbc.source.JdbcUtilsTest)  Time elapsed: 0.648 sec  <<< FAILURE!
java.lang.AssertionError: expected:<[public_table]> but was:<[io.confluent.connect.jdbc.source.TableWithSchema@77f3bb3f]>
	at org.junit.Assert.fail(Assert.java:88)
	at org.junit.Assert.failNotEquals(Assert.java:834)
	at org.junit.Assert.assertEquals(Assert.java:118)
	at org.junit.Assert.assertEquals(Assert.java:144)
	at io.confluent.connect.jdbc.source.JdbcUtilsTest.testGetTablesNarrowedToSchemas(JdbcUtilsTest.java:83)

Running io.confluent.connect.jdbc.source.TableMonitorThreadTest
Tests run: 5, Failures: 0, Errors: 0, Skipped: 0, Time elapsed: 3.216 sec - in io.confluent.connect.jdbc.source.TableMonitorThreadTest
Running io.confluent.connect.jdbc.source.TimestampIncrementingOffsetTest
Tests run: 6, Failures: 0, Errors: 0, Skipped: 0, Time elapsed: 0.001 sec - in io.confluent.connect.jdbc.source.TimestampIncrementingOffsetTest
Running io.confluent.connect.jdbc.source.TimestampIncrementingTableQuerierTest
Tests run: 5, Failures: 0, Errors: 0, Skipped: 0, Time elapsed: 0.004 sec - in io.confluent.connect.jdbc.source.TimestampIncrementingTableQuerierTest

Results :

Failed tests: 
  JdbcSourceConnectorTest.testPartitioningManyTables:146 expected:<[test1,test2]> but was:<[io.confluent.connect.jdbc.source.TableWithSchema@3d884d00,io.confluent.connect.jdbc.source.TableWithSchema@5f360989]>
  JdbcSourceConnectorTest.testPartitioningOneTable:129 expected:<[test]> but was:<[io.confluent.connect.jdbc.source.TableWithSchema@1f24e42e]>
  JdbcUtilsTest.testGetTablesMany:65 expected:<[test, foo, zab]> but was:<[io.confluent.connect.jdbc.source.TableWithSchema@ee3a026, io.confluent.connect.jdbc.source.TableWithSchema@bd62a6e, io.confluent.connect.jdbc.source.TableWithSchema@6fd458ec]>
  JdbcUtilsTest.testGetTablesNarrowedToSchemas:83 expected:<[public_table]> but was:<[io.confluent.connect.jdbc.source.TableWithSchema@77f3bb3f]>
  JdbcUtilsTest.testGetTablesSingle:57 expected:<[test]> but was:<[io.confluent.connect.jdbc.source.TableWithSchema@14a7e16e]>

Tests run: 176, Failures: 5, Errors: 0, Skipped: 0

[INFO] ------------------------------------------------------------------------
[INFO] BUILD FAILURE
[INFO] ------------------------------------------------------------------------
[INFO] Total time: 52.159 s
[INFO] Finished at: 2017-07-20T08:15:26+02:00
[INFO] Final Memory: 17M/287M
[INFO] ------------------------------------------------------------------------
[ERROR] Failed to execute goal org.apache.maven.plugins:maven-surefire-plugin:2.18.1:test (default-test) on project kafka-connect-jdbc: There are test failures.
[ERROR] 
[ERROR] Please refer to /Users/mbarak/projects/github/kafka-connect-jdbc/target/surefire-reports for the individual test results.
[ERROR] -> [Help 1]
[ERROR] 
[ERROR] To see the full stack trace of the errors, re-run Maven with the -e switch.
[ERROR] Re-run Maven using the -X switch to enable full debug logging.
[ERROR] 
[ERROR] For more information about the errors and possible solutions, please read the following articles:
[ERROR] [Help 1] http://cwiki.apache.org/confluence/display/MAVEN/MojoFailureException
